This is pdfeTeX, Version 3.141592-1.21a-2.2 (Web2C 7.5.4) (format=pdflatex 2007.7.5)  21 AUG 2007 15:11
entering extended mode
**survey_comparison.tex
(./survey_comparison.tex
LaTeX2e <2003/12/01>
Babel <v3.8d> and hyphenation patterns for american, french, german, ngerman, b
ahasa, basque, bulgarian, catalan, croatian, czech, danish, dutch, esperanto, e
stonian, finnish, greek, icelandic, irish, italian, latin, magyar, norsk, polis
h, portuges, romanian, russian, serbian, slovak, slovene, spanish, swedish, tur
kish, ukrainian, nohyphenation, loaded.
(/sw/share/texmf-dist/tex/latex/base/article.cls
Document Class: article 2004/02/16 v1.4f Standard LaTeX document class
(/sw/share/texmf-dist/tex/latex/base/size11.clo
File: size11.clo 2004/02/16 v1.4f Standard LaTeX file (size option)
)
\c@part=\count79
\c@section=\count80
\c@subsection=\count81
\c@subsubsection=\count82
\c@paragraph=\count83
\c@subparagraph=\count84
\c@figure=\count85
\c@table=\count86
\abovecaptionskip=\skip41
\belowcaptionskip=\skip42
\bibindent=\dimen102
) (./format.tex
(/sw/share/texmf-dist/tex/latex/graphics/graphicx.sty
Package: graphicx 1999/02/16 v1.0f Enhanced LaTeX Graphics (DPC,SPQR)

(/sw/share/texmf-dist/tex/latex/graphics/keyval.sty
Package: keyval 1999/03/16 v1.13 key=value parser (DPC)
\KV@toks@=\toks14
)
(/sw/share/texmf-dist/tex/latex/graphics/graphics.sty
Package: graphics 2001/07/07 v1.0n Standard LaTeX Graphics (DPC,SPQR)

(/sw/share/texmf-dist/tex/latex/graphics/trig.sty
Package: trig 1999/03/16 v1.09 sin cos tan (DPC)
)
(/sw/share/texmf-dist/tex/latex/graphics/graphics.cfg
File: graphics.cfg 2005/02/03 v1.3 graphics configuration of teTeX/TeXLive
)
Package graphics Info: Driver file: pdftex.def on input line 80.

(/sw/share/texmf-dist/tex/latex/graphics/pdftex.def
File: pdftex.def 2002/06/19 v0.03k graphics/color for pdftex
\Gread@gobject=\count87
))
\Gin@req@height=\dimen103
\Gin@req@width=\dimen104
)
(/usr/common/texinputs/psfig.sty
\@unused=\write3
\ps@stream=\read1
\p@intvaluex=\dimen105
\p@intvaluey=\dimen106

psfig/tex 1.10-dvips
) (/sw/share/texmf-dist/tex/latex/fancyhdr/fancyhdr.sty
\fancy@headwidth=\skip43
\f@ncyO@elh=\skip44
\f@ncyO@erh=\skip45
\f@ncyO@olh=\skip46
\f@ncyO@orh=\skip47
\f@ncyO@elf=\skip48
\f@ncyO@erf=\skip49
\f@ncyO@olf=\skip50
\f@ncyO@orf=\skip51
)
(/sw/share/texmf-dist/tex/latex/natbib/natbib.sty
Package: natbib 2003/06/06 7.1 (PWD)
\bibhang=\skip52
\bibsep=\skip53
LaTeX Info: Redefining \cite on input line 518.
\c@NAT@ctr=\count88
)
(/sw/share/texmf-dist/tex/latex/subfigure/subfigure.sty
Package: subfigure 2002/07/30 v2.1.4 subfigure package
\subfigtopskip=\skip54
\subfigcapskip=\skip55
\subfigcaptopadj=\dimen107
\subfigbottomskip=\skip56
\subfigcapmargin=\dimen108
\subfiglabelskip=\skip57
\c@subfigure=\count89
\c@lofdepth=\count90
\c@subtable=\count91
\c@lotdepth=\count92

****************************************
* Local config file subfigure.cfg used *
****************************************
(/sw/share/texmf-dist/tex/latex/subfigure/subfigure.cfg)
\subfig@top=\skip58
\subfig@bottom=\skip59
)
(/sw/share/texmf-dist/tex/latex/graphics/epsfig.sty
Package: epsfig 1999/02/16 v1.7a (e)psfig emulation (SPQR)
\epsfxsize=\dimen109
\epsfysize=\dimen110
)
(/sw/share/texmf-dist/tex/generic/epsf/epsf.tex
This is `epsf.tex' v2.7k <10 July 1997>
\epsffilein=\read2
\epsfframemargin=\dimen111
\epsfframethickness=\dimen112
\epsfrsize=\dimen113
\epsftmp=\dimen114
\epsftsize=\dimen115
\epsfxsize=\dimen116
\epsfysize=\dimen117
\pspoints=\dimen118
\epsfnoopenhelp=\toks15
) (/sw/share/texmf-dist/tex/latex/amsmath/amsmath.sty
Package: amsmath 2000/07/18 v2.13 AMS math features
\@mathmargin=\skip60

For additional information on amsmath, use the `?' option.
(/sw/share/texmf-dist/tex/latex/amsmath/amstext.sty
Package: amstext 2000/06/29 v2.01

(/sw/share/texmf-dist/tex/latex/amsmath/amsgen.sty
File: amsgen.sty 1999/11/30 v2.0
\@emptytoks=\toks16
\ex@=\dimen119
))
(/sw/share/texmf-dist/tex/latex/amsmath/amsbsy.sty
Package: amsbsy 1999/11/29 v1.2d
\pmbraise@=\dimen120
)
(/sw/share/texmf-dist/tex/latex/amsmath/amsopn.sty
Package: amsopn 1999/12/14 v2.01 operator names
)
\inf@bad=\count93
LaTeX Info: Redefining \frac on input line 211.
\uproot@=\count94
\leftroot@=\count95
LaTeX Info: Redefining \overline on input line 307.
\classnum@=\count96
\DOTSCASE@=\count97
LaTeX Info: Redefining \ldots on input line 379.
LaTeX Info: Redefining \dots on input line 382.
LaTeX Info: Redefining \cdots on input line 467.
\Mathstrutbox@=\box26
\strutbox@=\box27
\big@size=\dimen121
LaTeX Font Info:    Redeclaring font encoding OML on input line 567.
LaTeX Font Info:    Redeclaring font encoding OMS on input line 568.
\macc@depth=\count98
\c@MaxMatrixCols=\count99
\dotsspace@=\muskip10
\c@parentequation=\count100
\dspbrk@lvl=\count101
\tag@help=\toks17
\row@=\count102
\column@=\count103
\maxfields@=\count104
\andhelp@=\toks18
\eqnshift@=\dimen122
\alignsep@=\dimen123
\tagshift@=\dimen124
\tagwidth@=\dimen125
\totwidth@=\dimen126
\lineht@=\dimen127
\@envbody=\toks19
\multlinegap=\skip61
\multlinetaggap=\skip62
\mathdisplay@stack=\toks20
LaTeX Info: Redefining \[ on input line 2666.
LaTeX Info: Redefining \] on input line 2667.
)
(/sw/share/texmf-dist/tex/latex/cancel/cancel.sty
Package: cancel 2000/03/12 v2.1 Cancel math terms
)
(/sw/share/texmf-dist/tex/latex/amsfonts/amssymb.sty
Package: amssymb 2002/01/22 v2.2d

(/sw/share/texmf-dist/tex/latex/amsfonts/amsfonts.sty
Package: amsfonts 2001/10/25 v2.2f
\symAMSa=\mathgroup4
\symAMSb=\mathgroup5
LaTeX Font Info:    Overwriting math alphabet `\mathfrak' in version `bold'
(Font)                  U/euf/m/n --> U/euf/b/n on input line 132.
))
(/sw/share/texmf-dist/tex/latex/graphics/lscape.sty
Package: lscape 2000/10/22 v3.01 Landscape Pages (DPC)
)) (./survey_comparison.aux

LaTeX Warning: Label `tab:the_lines' multiply defined.

)
\openout1 = `survey_comparison.aux'.

LaTeX Font Info:    Checking defaults for OML/cmm/m/it on input line 5.
LaTeX Font Info:    ... okay on input line 5.
LaTeX Font Info:    Checking defaults for T1/cmr/m/n on input line 5.
LaTeX Font Info:    ... okay on input line 5.
LaTeX Font Info:    Checking defaults for OT1/cmr/m/n on input line 5.
LaTeX Font Info:    ... okay on input line 5.
LaTeX Font Info:    Checking defaults for OMS/cmsy/m/n on input line 5.
LaTeX Font Info:    ... okay on input line 5.
LaTeX Font Info:    Checking defaults for OMX/cmex/m/n on input line 5.
LaTeX Font Info:    ... okay on input line 5.
LaTeX Font Info:    Checking defaults for U/cmr/m/n on input line 5.
LaTeX Font Info:    ... okay on input line 5.
 (/sw/share/texmf-dist/tex/context/base/supp-pdf.tex
(/sw/share/texmf-dist/tex/context/base/supp-mis.tex
loading : Context Support Macros / Miscellaneous (2004.10.26)
\protectiondepth=\count105
\scratchcounter=\count106
\scratchtoks=\toks21
\scratchdimen=\dimen128
\scratchskip=\skip63
\scratchmuskip=\muskip11
\scratchbox=\box28
\scratchread=\read3
\scratchwrite=\write4
\zeropoint=\dimen129
\onepoint=\dimen130
\onebasepoint=\dimen131
\minusone=\count107
\thousandpoint=\dimen132
\onerealpoint=\dimen133
\emptytoks=\toks22
\nextbox=\box29
\nextdepth=\dimen134
\everyline=\toks23
\!!counta=\count108
\!!countb=\count109
\recursecounter=\count110
)
loading : Context Support Macros / PDF (2004.03.26)
\nofMPsegments=\count111
\nofMParguments=\count112
\MPscratchCnt=\count113
\MPscratchDim=\dimen135
\MPnumerator=\count114
\everyMPtoPDFconversion=\toks24
)
LaTeX Font Info:    Try loading font information for U+msa on input line 11.
 (/sw/share/texmf-dist/tex/latex/amsfonts/umsa.fd
File: umsa.fd 2002/01/19 v2.2g AMS font definitions
)
LaTeX Font Info:    Try loading font information for U+msb on input line 11.

(/sw/share/texmf-dist/tex/latex/amsfonts/umsb.fd
File: umsb.fd 2002/01/19 v2.2g AMS font definitions
) [1

{/sw/var/lib/texmf/fonts/map/pdftex/updmap/pdftex.map}]
Overfull \hbox (111.30025pt too wide) in paragraph at lines 28--40
 [] 
 []

[2]
Overfull \hbox (169.25429pt too wide) in paragraph at lines 51--62
 [] 
 []

[3


] (./survey_comparison.aux)

LaTeX Warning: There were multiply-defined labels.

 ) 
Here is how much of TeX's memory you used:
 2720 strings out of 94500
 31193 string characters out of 1176115
 83694 words of memory out of 1000000
 5865 multiletter control sequences out of 10000+50000
 11054 words of font info for 42 fonts, out of 500000 for 2000
 580 hyphenation exceptions out of 1000
 29i,9n,43p,248b,277s stack positions out of 1500i,500n,5000p,200000b,5000s
PDF statistics:
 31 PDF objects out of 300000
 0 named destinations out of 131072
 1 words of extra memory for PDF output out of 65536
</sw/share/texmf-dist/fonts/type1/bluesky/cm/cmr8.pfb></sw/share/texmf-dist/f
onts/type1/bluesky/cm/cmsy10.pfb></sw/share/texmf-dist/fonts/type1/bluesky/cm/c
mbx12.pfb></sw/share/texmf-dist/fonts/type1/bluesky/cm/cmr10.pfb></sw/share/tex
mf-dist/fonts/type1/bluesky/cm/cmbx10.pfb></sw/share/texmf-dist/fonts/type1/blu
esky/cm/cmr12.pfb></sw/share/texmf-dist/fonts/type1/bluesky/cm/cmr17.pfb>
Output written on survey_comparison.pdf (3 pages, 45936 bytes).
