\BOOKMARK [1][-]{section.0}{Day 0: Hello, World.}{}% 1
\BOOKMARK [1][-]{section.1}{Day 1: Data Types}{}% 2
\BOOKMARK [1][-]{section.2}{Day 2: Operators}{}% 3
\BOOKMARK [1][-]{section.3}{Day 3: Intro to Conditional Statements}{}% 4
\BOOKMARK [1][-]{section.4}{Day 4: Class vs. Instance}{}% 5
\BOOKMARK [1][-]{section.5}{Day 5: Loops}{}% 6
\BOOKMARK [1][-]{section.6}{Day 6: Let's Review}{}% 7
\BOOKMARK [1][-]{section.7}{Day 7: Arrays}{}% 8
\BOOKMARK [1][-]{section.8}{Day 8: Dictionaries and Maps}{}% 9
\BOOKMARK [1][-]{section.9}{Day 9: Recursion}{}% 10
\BOOKMARK [1][-]{section.10}{Day 10: Binary Numbers}{}% 11
\BOOKMARK [1][-]{section.11}{Day 11: 2D Arrays}{}% 12
\BOOKMARK [1][-]{section.12}{Day 12: Inheritance}{}% 13
\BOOKMARK [1][-]{section.13}{Day 13: Abstract Classes}{}% 14
\BOOKMARK [1][-]{section.14}{Day 14: Scope}{}% 15
\BOOKMARK [1][-]{section.15}{Day 15: Linked List}{}% 16
\BOOKMARK [1][-]{section.16}{Day 16: Exceptions - String to Integer}{}% 17
\BOOKMARK [1][-]{section.17}{Day 17: More Exceptions}{}% 18
\BOOKMARK [1][-]{section.18}{Day 18: Queues and Stacks}{}% 19
\BOOKMARK [1][-]{section.19}{Day 19: Interfaces}{}% 20
\BOOKMARK [1][-]{section.20}{Day 20: Sorting}{}% 21
\BOOKMARK [1][-]{section.21}{Day 21: Generics}{}% 22
\BOOKMARK [1][-]{section.22}{Day 22: Binary Search Trees}{}% 23
\BOOKMARK [1][-]{section.23}{Day 23: BST Level-Order Traversal}{}% 24
\BOOKMARK [1][-]{section.24}{Day 24: More Linked Lists}{}% 25
\BOOKMARK [1][-]{section.25}{Day 25: Running Time and Complexity}{}% 26
\BOOKMARK [1][-]{section.26}{Day 26: Nested Logic}{}% 27
\BOOKMARK [1][-]{section.27}{Day 27: Testing}{}% 28
\BOOKMARK [1][-]{section.28}{Day 28: RegEx, Patterns, and Intro to Databases}{}% 29
\BOOKMARK [1][-]{section.29}{Day 29: Bitwise AND}{}% 30
