
Machine Learning
https://www.coursera.org/learn/machine-learning
Stanford University
Andrew Ng

Introduction to Data Science in Python
https://www.coursera.org/learn/python-data-analysis
University of Michigan
Christopher Brooks

Applied Data Science with Python Specialization
https://www.coursera.org/specializations/data-science-python
University of Michigan
5 courses in this University of Michigan specialization

Executive Data Science Specialization
https://www.coursera.org/specializations/executive-data-science
Johns Hopkins University
Four, or five(!!), intensive courses

The Data Scientist’s Toolbox
https://www.coursera.org/learn/data-scientists-tools
Johns Hopkins University
Jeff Leek, Roger D. Peng, Brian Caffo

Applied Machine Learning in Python
https://www.coursera.org/learn/python-machine-learning
University of Michigan
Christopher Brooks, Kevyn Collins-Thompson

Pattern Discovery in Data Mining
https://www.coursera.org/learn/data-patterns
University of Illinois at Urbana-Champaign
Jiawei Han

Applied Plotting, Charting & Data Representation in Python
https://www.coursera.org/learn/python-plotting
University of Michigan
Christopher Brooks

Applied Text Mining in Python
https://www.coursera.org/learn/python-text-mining
University of Michigan
V. G. Vinod Vydiswaran

A Crash Course in Data Science
https://www.coursera.org/learn/data-science-course
Johns Hopkins University
Jeff Leek, Roger D. Peng, Brian Caffo 

Data Science Specialization
https://www.coursera.org/specializations/jhu-data-science
Johns Hopkins University
10 courses